\BOOKMARK [0][-]{toc.0}{Inhaltsverzeichnis}{}% 1
\BOOKMARK [1][-]{Doc-Start}{Eidesstattliche Erkl\344rung}{toc.0}% 2
\BOOKMARK [1][-]{section.1}{Einleitung}{toc.0}% 3
\BOOKMARK [1][-]{section.2}{Fragile Complexity}{toc.0}% 4
\BOOKMARK [1][-]{section.3}{RMinimum }{toc.0}% 5
\BOOKMARK [2][-]{subsection.3.1}{Algorithmus}{section.3}% 6
\BOOKMARK [2][-]{subsection.3.2}{Analyse}{section.3}% 7
\BOOKMARK [1][-]{section.4}{RMedian }{toc.0}% 8
\BOOKMARK [2][-]{subsection.4.1}{Algorithmus}{section.4}% 9
\BOOKMARK [2][-]{subsection.4.2}{Analyse}{section.4}% 10
\BOOKMARK [1][-]{section.5}{Implementierung}{toc.0}% 11
\BOOKMARK [2][-]{subsection.5.1}{RMinimum }{section.5}% 12
\BOOKMARK [2][-]{subsection.5.2}{RMedian }{section.5}% 13
\BOOKMARK [2][-]{subsection.5.3}{Modultests}{section.5}% 14
\BOOKMARK [3][-]{subsubsection.5.3.1}{PyTest}{subsection.5.3}% 15
\BOOKMARK [3][-]{subsubsection.5.3.2}{Jupyter Notebook}{subsection.5.3}% 16
\BOOKMARK [2][-]{subsection.5.4}{Werkzeuge}{section.5}% 17
\BOOKMARK [1][-]{section.6}{Experimentalf\344lle}{toc.0}% 18
\BOOKMARK [2][-]{subsection.6.1}{RMinimum }{section.6}% 19
\BOOKMARK [3][-]{subsubsection.6.1.1}{Filter}{subsection.6.1}% 20
\BOOKMARK [3][-]{subsubsection.6.1.2}{Theorem 4}{subsection.6.1}% 21
\BOOKMARK [3][-]{subsubsection.6.1.3}{Theorem 5}{subsection.6.1}% 22
\BOOKMARK [2][-]{subsection.6.2}{RMedian }{section.6}% 23
\BOOKMARK [3][-]{subsubsection.6.2.1}{Theorem 28}{subsection.6.2}% 24
\BOOKMARK [3][-]{subsubsection.6.2.2}{Theorem 29}{subsection.6.2}% 25
\BOOKMARK [1][-]{section.7}{Ausblick}{toc.0}% 26
\BOOKMARK [1][-]{section.8}{Data}{toc.0}% 27
\BOOKMARK [1][-]{section.9}{Code}{toc.0}% 28
\BOOKMARK [2][-]{subsection.9.1}{RMinimum }{section.9}% 29
\BOOKMARK [3][-]{subsubsection.9.1.1}{Phase 2}{subsection.9.1}% 30
\BOOKMARK [3][-]{subsubsection.9.1.2}{Phase 3}{subsection.9.1}% 31
\BOOKMARK [2][-]{subsection.9.2}{RMedian }{section.9}% 32
\BOOKMARK [3][-]{subsubsection.9.2.1}{Phase 2}{subsection.9.2}% 33
\BOOKMARK [2][-]{subsection.9.3}{Werkzeug}{section.9}% 34
\BOOKMARK [3][-]{subsubsection.9.3.1}{Server}{subsection.9.3}% 35
\BOOKMARK [3][-]{subsubsection.9.3.2}{Fit}{subsection.9.3}% 36
\BOOKMARK [1][-]{lstnumber.-5.42}{Literatur}{toc.0}% 37
\BOOKMARK [1][-]{lstnumber.-5.42}{Abbildungsverzeichnis}{toc.0}% 38
\BOOKMARK [1][-]{lstnumber.-5.42}{Tabellenverzeichnis}{toc.0}% 39
\BOOKMARK [1][-]{lstnumber.-5.42}{Danksagung}{toc.0}% 40
