

*******************************************************************************
Sat Apr 20 15:21:52 2019


FIT:    data read from "med_algo_theo28_data.csv" u 2:4
        format = x:z
        x range restricted to [65534.0 : 1.04858e+06]
        #datapoints = 3
        residuals are weighted equally (unit weight)

function used for fitting: f(x)
	f(x) = a * (x**(0.5)) + b
fitted parameters initialized with current variable values

iter      chisq       delta/lim  lambda   a             b            
   0 1.0017074474e+05   0.00e+00  4.15e+02    1.500000e+00   1.000000e-02
   9 1.4914467839e+02  -2.65e-06  4.15e-07    2.337449e+00  -1.554240e+02

After 9 iterations the fit converged.
final sum of squares of residuals : 149.145
rel. change during last iteration : -2.6538e-12

degrees of freedom    (FIT_NDF)                        : 1
rms of residuals      (FIT_STDFIT) = sqrt(WSSR/ndf)    : 12.2125
variance of residuals (reduced chisquare) = WSSR/ndf   : 149.145

Final set of parameters            Asymptotic Standard Error
=======================            ==========================
a               = 2.33745          +/- 0.06714      (2.872%)
b               = -155.424         +/- 26.25        (16.89%)

correlation matrix of the fit parameters:
                a      b      
a               1.000 
b              -0.963  1.000 


*******************************************************************************
Sat Apr 20 15:22:59 2019


FIT:    data read from "med_algo_theo28_data.csv" u 2:4
        format = x:z
        x range restricted to [65536.0 : 262144.]
        #datapoints = 3
        residuals are weighted equally (unit weight)

function used for fitting: f(x)
	f(x) = a * (x**(0.5)) + b
fitted parameters initialized with current variable values

iter      chisq       delta/lim  lambda   a             b            
   0 1.0017074474e+05   0.00e+00  4.15e+02    1.500000e+00   1.000000e-02
   9 1.4914467839e+02  -2.65e-06  4.15e-07    2.337449e+00  -1.554240e+02

After 9 iterations the fit converged.
final sum of squares of residuals : 149.145
rel. change during last iteration : -2.6538e-12

degrees of freedom    (FIT_NDF)                        : 1
rms of residuals      (FIT_STDFIT) = sqrt(WSSR/ndf)    : 12.2125
variance of residuals (reduced chisquare) = WSSR/ndf   : 149.145

Final set of parameters            Asymptotic Standard Error
=======================            ==========================
a               = 2.33745          +/- 0.06714      (2.872%)
b               = -155.424         +/- 26.25        (16.89%)

correlation matrix of the fit parameters:
                a      b      
a               1.000 
b              -0.963  1.000 


*******************************************************************************
Sat Apr 20 15:23:06 2019


FIT:    data read from "med_algo_theo28_data.csv" u 2:4
        format = x:z
        x range restricted to [65536.0 : 262144.]
        #datapoints = 3
        residuals are weighted equally (unit weight)

function used for fitting: f(x)
	f(x) = a * (x**(0.5)) + b
fitted parameters initialized with current variable values

iter      chisq       delta/lim  lambda   a             b            
   0 1.0017074474e+05   0.00e+00  4.15e+02    1.500000e+00   1.000000e-02
   9 1.4914467839e+02  -2.65e-06  4.15e-07    2.337449e+00  -1.554240e+02

After 9 iterations the fit converged.
final sum of squares of residuals : 149.145
rel. change during last iteration : -2.6538e-12

degrees of freedom    (FIT_NDF)                        : 1
rms of residuals      (FIT_STDFIT) = sqrt(WSSR/ndf)    : 12.2125
variance of residuals (reduced chisquare) = WSSR/ndf   : 149.145

Final set of parameters            Asymptotic Standard Error
=======================            ==========================
a               = 2.33745          +/- 0.06714      (2.872%)
b               = -155.424         +/- 26.25        (16.89%)

correlation matrix of the fit parameters:
                a      b      
a               1.000 
b              -0.963  1.000 
