

*******************************************************************************
Sat Apr 13 17:24:06 2019


FIT:    data read from "min_fit_theo4_min.csv" u 4:3
        format = x:z
        x range restricted to [64.0000 : 1.04858e+06]
        #datapoints = 8
        residuals are weighted equally (unit weight)

function used for fitting: f(x)
	f(x) = a * 2 * log( log(x) / log(2) ) / log(2) + b
fitted parameters initialized with current variable values

iter      chisq       delta/lim  lambda   a             b            
   0 3.1320389404e+01   0.00e+00  5.15e+00    1.000000e+00   1.000000e-03
   8 7.4043919959e-01  -1.35e-07  5.15e-08    1.357178e+00  -6.562607e-01

After 8 iterations the fit converged.
final sum of squares of residuals : 0.740439
rel. change during last iteration : -1.34947e-13

degrees of freedom    (FIT_NDF)                        : 6
rms of residuals      (FIT_STDFIT) = sqrt(WSSR/ndf)    : 0.351293
variance of residuals (reduced chisquare) = WSSR/ndf   : 0.123407

Final set of parameters            Asymptotic Standard Error
=======================            ==========================
a               = 1.35718          +/- 0.1107       (8.158%)
b               = -0.656261        +/- 0.8065       (122.9%)

correlation matrix of the fit parameters:
                a      b      
a               1.000 
b              -0.988  1.000 


*******************************************************************************
Sat Apr 13 17:26:51 2019


FIT:    data read from "min_fit_theo4_min.csv" u 4:3
        format = x:z
        x range restricted to [64.0000 : 1.04858e+06]
        #datapoints = 8
        residuals are weighted equally (unit weight)

function used for fitting: f(x)
	f(x) = a * (0.5**(-1)) * log( log(x) / log(2)) / log(2) + b
fitted parameters initialized with current variable values

iter      chisq       delta/lim  lambda   a             b            
   0 3.1320389404e+01   0.00e+00  5.15e+00    1.000000e+00   1.000000e-03
   8 7.4043919959e-01  -1.35e-07  5.15e-08    1.357178e+00  -6.562607e-01

After 8 iterations the fit converged.
final sum of squares of residuals : 0.740439
rel. change during last iteration : -1.34947e-13

degrees of freedom    (FIT_NDF)                        : 6
rms of residuals      (FIT_STDFIT) = sqrt(WSSR/ndf)    : 0.351293
variance of residuals (reduced chisquare) = WSSR/ndf   : 0.123407

Final set of parameters            Asymptotic Standard Error
=======================            ==========================
a               = 1.35718          +/- 0.1107       (8.158%)
b               = -0.656261        +/- 0.8065       (122.9%)

correlation matrix of the fit parameters:
                a      b      
a               1.000 
b              -0.988  1.000 


*******************************************************************************
Sat Apr 13 17:29:12 2019


FIT:    data read from "min_fit_theo4_min.csv" u 4:3
        format = x:z
        x range restricted to [64.0000 : 1.04858e+06]
        #datapoints = 8
        residuals are weighted equally (unit weight)

function used for fitting: f(x)
	f(x) = a * (0.5**(-1)) * log( log(x) / log(2)) / log(2) + b
fitted parameters initialized with current variable values

iter      chisq       delta/lim  lambda   a             b            
   0 3.1320389404e+01   0.00e+00  5.15e+00    1.000000e+00   1.000000e-03
   8 7.4043919959e-01  -1.35e-07  5.15e-08    1.357178e+00  -6.562607e-01

After 8 iterations the fit converged.
final sum of squares of residuals : 0.740439
rel. change during last iteration : -1.34947e-13

degrees of freedom    (FIT_NDF)                        : 6
rms of residuals      (FIT_STDFIT) = sqrt(WSSR/ndf)    : 0.351293
variance of residuals (reduced chisquare) = WSSR/ndf   : 0.123407

Final set of parameters            Asymptotic Standard Error
=======================            ==========================
a               = 1.35718          +/- 0.1107       (8.158%)
b               = -0.656261        +/- 0.8065       (122.9%)

correlation matrix of the fit parameters:
                a      b      
a               1.000 
b              -0.988  1.000 


*******************************************************************************
Sat Apr 13 17:29:36 2019


FIT:    data read from "min_fit_theo4_min.csv" u 4:3
        format = x:z
        x range restricted to [64.0000 : 1.04858e+06]
        #datapoints = 8
        residuals are weighted equally (unit weight)

function used for fitting: f(x)
	f(x) = a * (0.5**(-1)) * log( log(x) / log(2)) / log(2) + b
fitted parameters initialized with current variable values

iter      chisq       delta/lim  lambda   a             b            
   0 3.1320389404e+01   0.00e+00  5.15e+00    1.000000e+00   1.000000e-03
   8 7.4043919959e-01  -1.35e-07  5.15e-08    1.357178e+00  -6.562607e-01

After 8 iterations the fit converged.
final sum of squares of residuals : 0.740439
rel. change during last iteration : -1.34947e-13

degrees of freedom    (FIT_NDF)                        : 6
rms of residuals      (FIT_STDFIT) = sqrt(WSSR/ndf)    : 0.351293
variance of residuals (reduced chisquare) = WSSR/ndf   : 0.123407

Final set of parameters            Asymptotic Standard Error
=======================            ==========================
a               = 1.35718          +/- 0.1107       (8.158%)
b               = -0.656261        +/- 0.8065       (122.9%)

correlation matrix of the fit parameters:
                a      b      
a               1.000 
b              -0.988  1.000 


*******************************************************************************
Sat Apr 13 17:29:52 2019


FIT:    data read from "min_fit_theo4_min.csv" u 4:3
        format = x:z
        x range restricted to [64.0000 : 1.04858e+06]
        #datapoints = 8
        residuals are weighted equally (unit weight)

function used for fitting: f(x)
	f(x) = a * (0.5**(-1)) * log( log(x) / log(2)) / log(2) + b
fitted parameters initialized with current variable values

iter      chisq       delta/lim  lambda   a             b            
   0 3.1320389404e+01   0.00e+00  5.15e+00    1.000000e+00   1.000000e-03
   8 7.4043919959e-01  -1.35e-07  5.15e-08    1.357178e+00  -6.562607e-01

After 8 iterations the fit converged.
final sum of squares of residuals : 0.740439
rel. change during last iteration : -1.34947e-13

degrees of freedom    (FIT_NDF)                        : 6
rms of residuals      (FIT_STDFIT) = sqrt(WSSR/ndf)    : 0.351293
variance of residuals (reduced chisquare) = WSSR/ndf   : 0.123407

Final set of parameters            Asymptotic Standard Error
=======================            ==========================
a               = 1.35718          +/- 0.1107       (8.158%)
b               = -0.656261        +/- 0.8065       (122.9%)

correlation matrix of the fit parameters:
                a      b      
a               1.000 
b              -0.988  1.000 


*******************************************************************************
Sat Apr 13 17:30:30 2019


FIT:    data read from "min_fit_theo4_min.csv" u 4:3
        format = x:z
        x range restricted to [64.0000 : 1.04858e+06]
        #datapoints = 8
        residuals are weighted equally (unit weight)

function used for fitting: f(x)
	f(x) = a * (0.5**(-1)) * log( log(x) / log(2)) / log(2) + b
fitted parameters initialized with current variable values

iter      chisq       delta/lim  lambda   a             b            
   0 3.1320389404e+01   0.00e+00  5.15e+00    1.000000e+00   1.000000e-03
   8 7.4043919959e-01  -1.35e-07  5.15e-08    1.357178e+00  -6.562607e-01

After 8 iterations the fit converged.
final sum of squares of residuals : 0.740439
rel. change during last iteration : -1.34947e-13

degrees of freedom    (FIT_NDF)                        : 6
rms of residuals      (FIT_STDFIT) = sqrt(WSSR/ndf)    : 0.351293
variance of residuals (reduced chisquare) = WSSR/ndf   : 0.123407

Final set of parameters            Asymptotic Standard Error
=======================            ==========================
a               = 1.35718          +/- 0.1107       (8.158%)
b               = -0.656261        +/- 0.8065       (122.9%)

correlation matrix of the fit parameters:
                a      b      
a               1.000 
b              -0.988  1.000 


*******************************************************************************
Sat Apr 13 17:32:22 2019


FIT:    data read from "min_fit_theo4_min.csv" u 4:3
        format = x:z
        x range restricted to [64.0000 : 1.04858e+06]
        #datapoints = 8
        residuals are weighted equally (unit weight)

function used for fitting: f(x)
	f(x) = a * (0.5**(-1)) * log( log(x) / log(2)) / log(2) + b
fitted parameters initialized with current variable values

iter      chisq       delta/lim  lambda   a             b            
   0 3.1320389404e+01   0.00e+00  5.15e+00    1.000000e+00   1.000000e-03
   8 7.4043919959e-01  -1.35e-07  5.15e-08    1.357178e+00  -6.562607e-01

After 8 iterations the fit converged.
final sum of squares of residuals : 0.740439
rel. change during last iteration : -1.34947e-13

degrees of freedom    (FIT_NDF)                        : 6
rms of residuals      (FIT_STDFIT) = sqrt(WSSR/ndf)    : 0.351293
variance of residuals (reduced chisquare) = WSSR/ndf   : 0.123407

Final set of parameters            Asymptotic Standard Error
=======================            ==========================
a               = 1.35718          +/- 0.1107       (8.158%)
b               = -0.656261        +/- 0.8065       (122.9%)

correlation matrix of the fit parameters:
                a      b      
a               1.000 
b              -0.988  1.000 


*******************************************************************************
Sat Apr 13 18:07:12 2019


FIT:    data read from "min_fit_theo4_min.csv" u 4:3
        format = x:z
        x range restricted to [64.0000 : 1.04858e+06]
        #datapoints = 8
        residuals are weighted equally (unit weight)

function used for fitting: f(x)
	f(x) = a * (0.5**(-1)) * log( log(x) / log(2)) / log(2) + b
fitted parameters initialized with current variable values

iter      chisq       delta/lim  lambda   a             b            
   0 3.1320389404e+01   0.00e+00  5.15e+00    1.000000e+00   1.000000e-03
   8 7.4043919959e-01  -1.35e-07  5.15e-08    1.357178e+00  -6.562607e-01

After 8 iterations the fit converged.
final sum of squares of residuals : 0.740439
rel. change during last iteration : -1.34947e-13

degrees of freedom    (FIT_NDF)                        : 6
rms of residuals      (FIT_STDFIT) = sqrt(WSSR/ndf)    : 0.351293
variance of residuals (reduced chisquare) = WSSR/ndf   : 0.123407

Final set of parameters            Asymptotic Standard Error
=======================            ==========================
a               = 1.35718          +/- 0.1107       (8.158%)
b               = -0.656261        +/- 0.8065       (122.9%)

correlation matrix of the fit parameters:
                a      b      
a               1.000 
b              -0.988  1.000 
